unityLibrary2/build/outputs/logs/manifest-merger-debug-report.txt
-- Merging decision tree log ---
manifest
ADDED from src\main\AndroidManifest.xml:2:1-28:12
INJECTED from src\main\AndroidManifest.xml:2:1-28:12
INJECTED from src\main\AndroidManifest.xml:2:1-28:12
INJECTED from src\main\AndroidManifest.xml:2:1-28:12
INJECTED from src\main\AndroidManifest.xml:2:1-28:12
INJECTED from src\main\AndroidManifest.xml:2:1-28:12
INJECTED from src\main\AndroidManifest.xml:2:1-28:12
	package
		ADDED from src\main\AndroidManifest.xml:2:70-98
		INJECTED from src\main\AndroidManifest.xml
		INJECTED from src\main\AndroidManifest.xml
	android:versionName
		INJECTED from src\main\AndroidManifest.xml
		ADDED from src\main\AndroidManifest.xml:2:1-28:12
		INJECTED from src\main\AndroidManifest.xml
	xmlns:tools
		ADDED from src\main\AndroidManifest.xml:2:99-145
	android:versionCode
		INJECTED from src\main\AndroidManifest.xml
		ADDED from src\main\AndroidManifest.xml:2:1-28:12
		INJECTED from src\main\AndroidManifest.xml
	xmlns:android
		ADDED from src\main\AndroidManifest.xml:2:11-69
	android:installLocation
		ADDED from src\main\AndroidManifest.xml:2:146-186
supports-screens
ADDED from src\main\AndroidManifest.xml:3:3-163
	android:largeScreens
		ADDED from src\main\AndroidManifest.xml:3:78-105
	android:smallScreens
		ADDED from src\main\AndroidManifest.xml:3:21-48
	android:normalScreens
		ADDED from src\main\AndroidManifest.xml:3:49-77
	android:xlargeScreens
		ADDED from src\main\AndroidManifest.xml:3:106-134
	android:anyDensity
		ADDED from src\main\AndroidManifest.xml:3:135-160
application
ADDED from src\main\AndroidManifest.xml:4:3-16:17
	android:theme
		ADDED from src\main\AndroidManifest.xml:4:16-57
activity#com.unity3d.player.UnityPlayerActivity
ADDED from src\main\AndroidManifest.xml:5:5-7:16
	android:screenOrientation
		ADDED from src\main\AndroidManifest.xml:5:70-106
	android:launchMode
		ADDED from src\main\AndroidManifest.xml:5:107-138
	android:hardwareAccelerated
		ADDED from src\main\AndroidManifest.xml:5:321-356
	android:configChanges
		ADDED from src\main\AndroidManifest.xml:5:139-320
	android:name
		ADDED from src\main\AndroidManifest.xml:5:15-68
meta-data#unityplayer.UnityActivity
ADDED from src\main\AndroidManifest.xml:6:7-82
	android:value
		ADDED from src\main\AndroidManifest.xml:6:59-79
	android:name
		ADDED from src\main\AndroidManifest.xml:6:18-58
meta-data#unity.splash-mode
ADDED from src\main\AndroidManifest.xml:9:5-69
	android:value
		ADDED from src\main\AndroidManifest.xml:9:49-66
	android:name
		ADDED from src\main\AndroidManifest.xml:9:16-48
meta-data#unity.splash-enable
ADDED from src\main\AndroidManifest.xml:10:5-74
	android:value
		ADDED from src\main\AndroidManifest.xml:10:51-71
	android:name
		ADDED from src\main\AndroidManifest.xml:10:16-50
meta-data#unity.build-id
ADDED from src\main\AndroidManifest.xml:11:5-101
	android:value
		ADDED from src\main\AndroidManifest.xml:11:46-98
	android:name
		ADDED from src\main\AndroidManifest.xml:11:16-45
meta-data#custom_notification_android_activity
ADDED from src\main\AndroidManifest.xml:13:5-125
	android:value
		ADDED from src\main\AndroidManifest.xml:13:68-122
	android:name
		ADDED from src\main\AndroidManifest.xml:13:16-67
meta-data#unityplayer.SkipPermissionsDialog
ADDED from src\main\AndroidManifest.xml:14:5-88
	android:value
		ADDED from src\main\AndroidManifest.xml:14:65-85
	android:name
		ADDED from src\main\AndroidManifest.xml:14:16-64
meta-data#com.google.ar.core
ADDED from src\main\AndroidManifest.xml:15:5-77
	android:value
		ADDED from src\main\AndroidManifest.xml:15:50-74
	android:name
		ADDED from src\main\AndroidManifest.xml:15:16-49
uses-permission#android.permission.ACCESS_COARSE_LOCATION
ADDED from src\main\AndroidManifest.xml:17:3-79
	android:name
		ADDED from src\main\AndroidManifest.xml:17:20-76
uses-permission#android.permission.INTERNET
ADDED from src\main\AndroidManifest.xml:18:3-65
	android:name
		ADDED from src\main\AndroidManifest.xml:18:20-62
uses-feature#0x00020000
ADDED from src\main\AndroidManifest.xml:19:3-52
	android:glEsVersion
		ADDED from src\main\AndroidManifest.xml:19:17-49
uses-permission#android.permission.ACCESS_FINE_LOCATION
ADDED from src\main\AndroidManifest.xml:20:3-77
	android:name
		ADDED from src\main\AndroidManifest.xml:20:20-74
uses-feature#android.hardware.location.gps
ADDED from src\main\AndroidManifest.xml:21:3-89
	android:required
		ADDED from src\main\AndroidManifest.xml:21:62-86
	android:name
		ADDED from src\main\AndroidManifest.xml:21:17-61
uses-feature#android.hardware.location
ADDED from src\main\AndroidManifest.xml:22:3-85
	android:required
		ADDED from src\main\AndroidManifest.xml:22:58-82
	android:name
		ADDED from src\main\AndroidManifest.xml:22:17-57
uses-feature#android.hardware.touchscreen
ADDED from src\main\AndroidManifest.xml:23:3-88
	android:required
		ADDED from src\main\AndroidManifest.xml:23:61-85
	android:name
		ADDED from src\main\AndroidManifest.xml:23:17-60
uses-feature#android.hardware.touchscreen.multitouch
ADDED from src\main\AndroidManifest.xml:24:3-99
	android:required
		ADDED from src\main\AndroidManifest.xml:24:72-96
	android:name
		ADDED from src\main\AndroidManifest.xml:24:17-71
uses-feature#android.hardware.touchscreen.multitouch.distinct
ADDED from src\main\AndroidManifest.xml:25:3-108
	android:required
		ADDED from src\main\AndroidManifest.xml:25:81-105
	android:name
		ADDED from src\main\AndroidManifest.xml:25:17-80
uses-permission#android.permission.CAMERA
ADDED from src\main\AndroidManifest.xml:26:3-63
	android:name
		ADDED from src\main\AndroidManifest.xml:26:20-60
uses-feature#android.hardware.camera.ar
ADDED from src\main\AndroidManifest.xml:27:3-85
	android:required
		ADDED from src\main\AndroidManifest.xml:27:59-82
	android:name
		ADDED from src\main\AndroidManifest.xml:27:17-58
uses-sdk
INJECTED from src\main\AndroidManifest.xml reason: use-sdk injection requested
INJECTED from src\main\AndroidManifest.xml
INJECTED from src\main\AndroidManifest.xml
INJECTED from src\main\AndroidManifest.xml
INJECTED from src\main\AndroidManifest.xml
	android:targetSdkVersion
		INJECTED from src\main\AndroidManifest.xml
		ADDED from src\main\AndroidManifest.xml
		INJECTED from src\main\AndroidManifest.xml
	android:minSdkVersion
		INJECTED from src\main\AndroidManifest.xml
		ADDED from src\main\AndroidManifest.xml
		INJECTED from src\main\AndroidManifest.xml